    194 toto
     14 camille
     12 denis
     11 fabien
     11 alain
     10 ftptest
      9 franck
      8 benoit
      8 a
      7 git
      7 arnaud
      6 redis
      6 alexandre
      5 admin
      4 ts3
      4 minecraft
      3 user
      3 ts
      3 toto1
      3 test
      3 teamspeak
      3 lihan
      2 toto3
      2 toto2013
      2 toto2012
      2 toto2011
      2 toto2
      2 toto123
      2 gaylord
      2 fluffy
      2 eggdrop
      2 cacti
      2 auto
      2 alex
      2 123
      2 1
      1 znc
      1 zabbix
      1 vh
      1 ventrilo
      1 vbox
      1 ueda
      1 ubuntu
      1 ubnt
      1 transfer
      1 todos
      1 teamspeak3
      1 stud
      1 shoutcast
      1 serveur
      1 sbnc
      1 safety
      1 ROOT
      1 redmine
      1 redadmin
      1 red5
      1 r00t
      1 PlcmSpIp
      1 plant
      1 oracle
      1 operator
      1 openerp
      1 nagios
      1 murmur
      1 mumble
      1 muie
      1 mc
      1 mantis
      1 kiosk
      1 jira
      1 jenkins
      1 jboss
      1 icinga
      1 hadoop
      1 guest
      1 DUP
      1 deploy
      1 confluence
      1 bugzilla
      1 arun
      1 app
      1 ana
      1 ale
      1 abc
