-rwx------ 1 root root 1.5K Dec 18 04:15 sync2pulse.sh
-rw------- 1 root root 146M Dec 28 06:35 var-www-danieleverrocchio.com-wp-content-uploads-2013.dir.2013-12-28_06-35-01.tgz
-rw------- 1 root root 186K Jan  1 05:10 mysql.ryuzan.sql.2014-01-01_05-10-01.gz
-rw------- 1 root root  27M Jan  1 05:15 var-www-ryuzan.it.dir.2014-01-01_05-15-01.tgz
-rw------- 1 root root 2.9M Jan  1 05:20 mysql.labs_dizionario.sql.2014-01-01_05-20-01.gz
-rw------- 1 root root 1.2M Jan  1 05:25 var-cache-geoipcache.dir.2014-01-01_05-25-01.tgz
-rw------- 1 root root  15M Jan  1 21:48 var-www-danieleverrocchio.com-wp-content-plugins.dir.2014-01-01_21-48-25.tgz
-rw------- 1 root root 637M Jan  3 17:08 var-www-danieleverrocchio.com.dir.2014-01-03_17-07-01.tgz
-rwxr-xr-x 1 root root 4.2M Jan 14 04:32 sync2pulse.log
-rw------- 1 root root 5.8M Jan 17 19:37 var-www-agrisystema.com-prerestyle.tgz
-rw------- 1 root root 136K Jan 18 05:00 mysql.mysql.sql.2014-01-18_05-00-01.gz
-rw-r--r-- 1 root root 2.6K Jan 18 05:05 DPKG.LIST.2014-01-18_05-05-01.gz
-rw------- 1 root root 167M Jan 18 05:30 var-www-labs.easyblog.it.dir.2014-01-18_05-30-02.tgz
-rw------- 1 root root  25M Jan 18 05:40 var-www-mixtags.com.dir.2014-01-18_05-40-01.tgz
-rw------- 1 root root 162M Jan 18 05:50 var-www-climbo.net.dir.2014-01-18_05-50-01.tgz
-rw------- 1 root root  14M Jan 18 06:00 mysql.agrisystema.sql.2014-01-18_06-00-01.gz
-rw------- 1 root root 5.9M Jan 18 06:10 var-www-agrisystema.com.dir.2014-01-18_06-10-01.tgz
-rw------- 1 root root 5.1M Jan 18 06:12 home-agrsys-gpsdata_server.dir.2014-01-18_06-12-01.tgz
-rw------- 1 root root 2.8M Jan 18 06:30 mysql.danieleverrocchio.sql.2014-01-18_06-30-01.gz
-rw------- 1 root root  26M Jan 18 06:35 var-www-danieleverrocchio.com-wp-content-uploads-2014.dir.2014-01-18_06-35-01.tgz
2014/01/14 03:59:40 [14534] <f+++++++++ mysql.mysql.sql.2014-01-11_05-00-01.gz
2014/01/14 03:59:41 [14534] <f+++++++++ mysql.ryuzan.sql.2014-01-01_05-10-01.gz
2014/01/14 03:59:47 [14534] <f+++++++++ var-cache-geoipcache.dir.2014-01-01_05-25-01.tgz
2014/01/14 04:00:03 [14534] <f+++++++++ var-www-agrisystema.com.dir.2014-01-11_06-10-01.tgz
2014/01/14 04:13:54 [14534] <f+++++++++ var-www-climbo.net.dir.2014-01-11_05-50-01.tgz
2014/01/14 04:16:08 [14534] <f+++++++++ var-www-danieleverrocchio.com-wp-content-uploads-2014.dir.2014-01-11_06-35-01.tgz
2014/01/14 04:30:26 [14534] <f+++++++++ var-www-labs.easyblog.it.dir.2014-01-11_05-30-01.tgz
2014/01/14 04:32:30 [14534] <f+++++++++ var-www-mixtags.com.dir.2014-01-11_05-40-01.tgz
2014/01/14 04:32:31 [14534] sent 426447770 bytes  received 240 bytes  203312.52 bytes/sec
2014/01/14 04:32:31 [14534] total size is 1714881041  speedup is 4.02
